2025-10-13 20:23:30,480 - INFO - ==================================================
2025-10-13 20:23:30,486 - INFO -   📦 Система учета возврата поддонов
2025-10-13 20:23:30,488 - INFO -   📞 Поддержка: andrei.legkii@nestle.ru
2025-10-13 20:23:30,489 - INFO - ==================================================
2025-10-13 20:23:30,490 - INFO - 
2025-10-13 20:23:30,491 - INFO - Загружено 0 обработанных писем.
2025-10-13 20:23:32,083 - INFO - ✅ Мониторинг запущен. Режим: HORIZONTAL. Папка: Inbox
2025-10-13 20:23:40,836 - INFO - 🔍 Обработка: Re: Контроль учета деревянных поддонов при поставках в Тандер FM Lozhistik Vostok AO | ID: 00000000D7928C4C1E3BFA4C916DC6D2C725CE360700DA06F7E4286F7449B98F61081F2F89B200000000010C0000DA06F7E4286F7449B98F61081F2F89B200010047CFF70000
2025-10-13 20:23:40,855 - INFO - 🔍 Обработка: Напоминание: Обязательное обновление операционной системы до Windows 11 |  Reminder: Mandatory upgrading the operating system to Windows 11 | ID: 00000000D7928C4C1E3BFA4C916DC6D2C725CE360700DA06F7E4286F7449B98F61081F2F89B200000000010C0000DA06F7E4286F7449B98F61081F2F89B200010047CFF60000
2025-10-13 20:23:40,869 - INFO - 🔍 Обработка: Re: Контроль учета деревянных поддонов при поставках в Тандер MONOPOLIYA.Onlayn OOO | ID: 00000000D7928C4C1E3BFA4C916DC6D2C725CE360700DA06F7E4286F7449B98F61081F2F89B200000000010C0000DA06F7E4286F7449B98F61081F2F89B200010047CFF50000
2025-10-13 20:23:40,888 - INFO - 🔍 Обработка: ОБЪЯВЛЕНИЕ - Изменения в Департаменте логистики и поставок/ANNOUNCEMENT – Changes in Supply Chain Department  | ID: 00000000D7928C4C1E3BFA4C916DC6D2C725CE360700DA06F7E4286F7449B98F61081F2F89B200000000010C0000DA06F7E4286F7449B98F61081F2F89B200010047CFF40000
2025-10-13 20:23:40,908 - INFO - 🔍 Обработка: RE: DF _Сверка_поддонов_РЦ Колпино_ИНН 7705739450_ООО "Нестле Россия" 18.09-30.09 | ID: 00000000D7928C4C1E3BFA4C916DC6D2C725CE360700DA06F7E4286F7449B98F61081F2F89B200000000010C0000DA06F7E4286F7449B98F61081F2F89B200010047CFF30000
2025-10-13 20:23:40,927 - INFO - 🔍 Обработка: RE: DF _Сверка_поддонов_РЦ Колпино_ИНН 7705739450_ООО "Нестле Россия" 18.09-30.09 | ID: 00000000D7928C4C1E3BFA4C916DC6D2C725CE360700DA06F7E4286F7449B98F61081F2F89B200000000010C0000DA06F7E4286F7449B98F61081F2F89B200010047CFF10000
2025-10-13 20:23:40,945 - INFO - 🔍 Обработка: RE: DF _Сверка_поддонов_РЦ Ерзовка_ИНН 7705739450_ООО "Нестле Россия" 18.09-30.09 | ID: 00000000D7928C4C1E3BFA4C916DC6D2C725CE360700DA06F7E4286F7449B98F61081F2F89B200000000010C0000DA06F7E4286F7449B98F61081F2F89B200010047CFF00000
2025-10-13 20:23:40,960 - INFO - 🔍 Обработка: RE: DF _Сверка_поддонов_РЦ Киров_ИНН 7705739450_ООО "Нестле Россия" 18.09-30.09 | ID: 00000000D7928C4C1E3BFA4C916DC6D2C725CE360700DA06F7E4286F7449B98F61081F2F89B200000000010C0000DA06F7E4286F7449B98F61081F2F89B200010047CFEF0000
2025-10-13 20:23:40,992 - INFO - 🔍 Обработка: Re: Контроль учета деревянных поддонов при поставках в Тандер MONOPOLIYA.Onlayn OOO | ID: 00000000D7928C4C1E3BFA4C916DC6D2C725CE360700DA06F7E4286F7449B98F61081F2F89B200000000010C0000DA06F7E4286F7449B98F61081F2F89B200010047CFEE0000
2025-10-13 20:23:41,016 - INFO - 🔍 Обработка: Re: Контроль учета деревянных поддонов при поставках в Тандер MONOPOLIYA.Onlayn OOO | ID: 00000000D7928C4C1E3BFA4C916DC6D2C725CE360700DA06F7E4286F7449B98F61081F2F89B200000000010C0000DA06F7E4286F7449B98F61081F2F89B200010047CFED0000
2025-10-13 20:23:41,038 - INFO - 🔍 Обработка: Re: Контроль учета деревянных поддонов при поставках в Тандер FM Lozhistik Vostok AO | ID: 00000000D7928C4C1E3BFA4C916DC6D2C725CE360700DA06F7E4286F7449B98F61081F2F89B200000000010C0000DA06F7E4286F7449B98F61081F2F89B200010047CFEC0000
2025-10-13 20:23:41,071 - INFO - 🔍 Обработка: Re: Контроль учета деревянных поддонов при поставках в Тандер FM Lozhistik Vostok AO | ID: 00000000D7928C4C1E3BFA4C916DC6D2C725CE360700DA06F7E4286F7449B98F61081F2F89B200000000010C0000DA06F7E4286F7449B98F61081F2F89B200010047CFEB0000
2025-10-13 20:23:41,102 - INFO - 🔍 Обработка: RE: DF _Сверка_поддонов_РЦ Киров_ИНН 7705739450_ООО "Нестле Россия" 18.09-30.09 | ID: 00000000D7928C4C1E3BFA4C916DC6D2C725CE360700DA06F7E4286F7449B98F61081F2F89B200000000010C0000DA06F7E4286F7449B98F61081F2F89B200010047CFEA0000
2025-10-13 20:23:41,125 - INFO - 🔍 Обработка: Подпись в инструктажах | ID: 00000000D7928C4C1E3BFA4C916DC6D2C725CE360700DA06F7E4286F7449B98F61081F2F89B200000000010C0000DA06F7E4286F7449B98F61081F2F89B200010047CFE90000
2025-10-13 20:23:41,151 - INFO - 🔍 Обработка: Уведомление: Согласовано/Approved: Заявление на работу из дома / Work from home request 20.10.2025  от Легкий Андрей Артурович | ID: 00000000D7928C4C1E3BFA4C916DC6D2C725CE360700DA06F7E4286F7449B98F61081F2F89B200000000010C0000DA06F7E4286F7449B98F61081F2F89B200010047CFE80000
2025-10-13 20:23:41,173 - INFO - 🔍 Обработка: RE: Kомандный воркшоп «Диалог поколений» | ID: 00000000D7928C4C1E3BFA4C916DC6D2C725CE360700DA06F7E4286F7449B98F61081F2F89B200000000010C0000DA06F7E4286F7449B98F61081F2F89B200010047CFE70000
2025-10-13 20:23:41,187 - INFO - 🔍 Обработка: RE: DF _Сверка_поддонов_РЦ Лермонтов_ИНН 7705739450_ООО "Нестле Россия" 24.09-30.09 | ID: 00000000D7928C4C1E3BFA4C916DC6D2C725CE360700DA06F7E4286F7449B98F61081F2F89B200000000010C0000DA06F7E4286F7449B98F61081F2F89B200010047CFE60000
2025-10-13 20:23:41,201 - INFO - 🔍 Обработка: RE: Контроль учета деревянных поддонов при поставках в Тандер GTE-TRANSPORT OOO | ID: 00000000D7928C4C1E3BFA4C916DC6D2C725CE360700DA06F7E4286F7449B98F61081F2F89B200000000010C0000DA06F7E4286F7449B98F61081F2F89B200010047CFE50000
2025-10-13 20:23:41,219 - INFO - 🔍 Обработка: RE: DF _Сверка_поддонов_РЦ Подольск_ИНН 7705739450_ООО "Нестле Россия" 18.09-30.09 | ID: 00000000D7928C4C1E3BFA4C916DC6D2C725CE360700DA06F7E4286F7449B98F61081F2F89B200000000010C0000DA06F7E4286F7449B98F61081F2F89B200010047CFE40000
2025-10-13 20:23:41,241 - INFO - 🔍 Обработка: Осенняя акция "Электросбор" // Autumn electrical equipment collection  | ID: 00000000D7928C4C1E3BFA4C916DC6D2C725CE360700DA06F7E4286F7449B98F61081F2F89B200000000010C0000DA06F7E4286F7449B98F61081F2F89B200010047CFE30000
2025-10-13 20:23:41,259 - INFO - 🔍 Обработка: RE: DF _Сверка_поддонов_РЦ Лермонтов_ИНН 7705739450_ООО "Нестле Россия" 24.09-30.09 | ID: 00000000D7928C4C1E3BFA4C916DC6D2C725CE360700DA06F7E4286F7449B98F61081F2F89B200000000010C0000DA06F7E4286F7449B98F61081F2F89B200010047CFE20000
2025-10-13 20:23:41,274 - INFO - 🔍 Обработка: Re: Контроль учета деревянных поддонов при поставках в Тандер MONOPOLIYA.Onlayn OOO | ID: 00000000D7928C4C1E3BFA4C916DC6D2C725CE360700DA06F7E4286F7449B98F61081F2F89B200000000010C0000DA06F7E4286F7449B98F61081F2F89B200010047CFE10000
2025-10-13 20:23:41,289 - INFO - 🔍 Обработка: Re: Контроль учета деревянных поддонов при поставках в Тандер MONOPOLIYA.Onlayn OOO | ID: 00000000D7928C4C1E3BFA4C916DC6D2C725CE360700DA06F7E4286F7449B98F61081F2F89B200000000010C0000DA06F7E4286F7449B98F61081F2F89B200010047CFE00000
2025-10-13 20:23:41,301 - INFO - 🔍 Обработка: Re: Контроль учета деревянных поддонов при поставках в Тандер Transportnye Tekhnologii OOO | ID: 00000000D7928C4C1E3BFA4C916DC6D2C725CE360700DA06F7E4286F7449B98F61081F2F89B200000000010C0000DA06F7E4286F7449B98F61081F2F89B200010047CFDF0000
2025-10-13 20:23:41,320 - INFO - 🔍 Обработка: RE: Контроль учета деревянных поддонов при поставках в Тандер GTE-TRANSPORT OOO | ID: 00000000D7928C4C1E3BFA4C916DC6D2C725CE360700DA06F7E4286F7449B98F61081F2F89B200000000010C0000DA06F7E4286F7449B98F61081F2F89B200010047CFDE0000
2025-10-13 20:23:41,336 - INFO - 🔍 Обработка: RE: Контроль учета деревянных поддонов при поставках в Тандер GTE-TRANSPORT OOO | ID: 00000000D7928C4C1E3BFA4C916DC6D2C725CE360700DA06F7E4286F7449B98F61081F2F89B200000000010C0000DA06F7E4286F7449B98F61081F2F89B200010047CFDD0000
2025-10-13 20:23:41,353 - INFO - 🔍 Обработка: RE: Контроль учета деревянных поддонов при поставках в Тандер GTE-TRANSPORT OOO | ID: 00000000D7928C4C1E3BFA4C916DC6D2C725CE360700DA06F7E4286F7449B98F61081F2F89B200000000010C0000DA06F7E4286F7449B98F61081F2F89B200010047CFDC0000
2025-10-13 20:23:41,367 - INFO - 🔍 Обработка: Re: Контроль учета деревянных поддонов при поставках в Тандер Transportnye Tekhnologii OOO | ID: 00000000D7928C4C1E3BFA4C916DC6D2C725CE360700DA06F7E4286F7449B98F61081F2F89B200000000010C0000DA06F7E4286F7449B98F61081F2F89B200010047CFDB0000
2025-10-13 20:23:41,383 - INFO - 🔍 Обработка: RE: DF _Сверка_поддонов_РЦ Подольск_ИНН 7705739450_ООО "Нестле Россия" 18.09-30.09 | ID: 00000000D7928C4C1E3BFA4C916DC6D2C725CE360700DA06F7E4286F7449B98F61081F2F89B200000000010C0000DA06F7E4286F7449B98F61081F2F89B200010047CFD80000
2025-10-13 20:23:41,398 - INFO - 🔍 Обработка: Re: Контроль учета деревянных поддонов при поставках в Тандер Transportnye Tekhnologii OOO | ID: 00000000D7928C4C1E3BFA4C916DC6D2C725CE360700DA06F7E4286F7449B98F61081F2F89B200000000010C0000DA06F7E4286F7449B98F61081F2F89B200010047CFD90000
2025-10-13 20:23:41,411 - INFO - 🔍 Обработка: Re: Контроль учета деревянных поддонов при поставках в Тандер MONOPOLIYA.Onlayn OOO | ID: 00000000D7928C4C1E3BFA4C916DC6D2C725CE360700DA06F7E4286F7449B98F61081F2F89B200000000010C0000DA06F7E4286F7449B98F61081F2F89B200010047CFD60000
2025-10-13 20:23:41,430 - INFO - 🔍 Обработка: Re: Контроль учета деревянных поддонов при поставках в Тандер Tek Startrans OOO | ID: 00000000D7928C4C1E3BFA4C916DC6D2C725CE360700DA06F7E4286F7449B98F61081F2F89B200000000010C0000DA06F7E4286F7449B98F61081F2F89B200010047CFD50000
2025-10-13 20:23:41,442 - INFO - 🔍 Обработка: Re: Контроль учета деревянных поддонов при поставках в Тандер MONOPOLIYA.Onlayn OOO | ID: 00000000D7928C4C1E3BFA4C916DC6D2C725CE360700DA06F7E4286F7449B98F61081F2F89B200000000010C0000DA06F7E4286F7449B98F61081F2F89B200010047CFD40000
2025-10-13 20:23:41,454 - INFO - 🔍 Обработка: Контроль учета деревянных поддонов при поставках в Тандер FM Lozhistik Vostok AO | ID: 00000000D7928C4C1E3BFA4C916DC6D2C725CE360700DA06F7E4286F7449B98F61081F2F89B200000000010C0000DA06F7E4286F7449B98F61081F2F89B200010047CFD30000
2025-10-13 20:23:41,462 - INFO - 🔍 Обработка: Контроль учета деревянных поддонов при поставках в Тандер Tek Startrans OOO | ID: 00000000D7928C4C1E3BFA4C916DC6D2C725CE360700DA06F7E4286F7449B98F61081F2F89B200000000010C0000DA06F7E4286F7449B98F61081F2F89B200010047CFD20000
2025-10-13 20:23:41,474 - INFO - 🔍 Обработка: Контроль учета деревянных поддонов при поставках в Тандер Transportnye Tekhnologii OOO | ID: 00000000D7928C4C1E3BFA4C916DC6D2C725CE360700DA06F7E4286F7449B98F61081F2F89B200000000010C0000DA06F7E4286F7449B98F61081F2F89B200010047CFD10000
2025-10-13 20:23:41,484 - INFO - 🔍 Обработка: Re: Контроль учета деревянных поддонов при поставках в Тандер FKKGrup OOO | ID: 00000000D7928C4C1E3BFA4C916DC6D2C725CE360700DA06F7E4286F7449B98F61081F2F89B200000000010C0000DA06F7E4286F7449B98F61081F2F89B200010047CFD00000
2025-10-13 20:23:41,507 - INFO - 🔍 Обработка: Контроль учета деревянных поддонов при поставках в Тандер FKKGrup OOO | ID: 00000000D7928C4C1E3BFA4C916DC6D2C725CE360700DA06F7E4286F7449B98F61081F2F89B200000000010C0000DA06F7E4286F7449B98F61081F2F89B200010047CFCF0000
2025-10-13 20:23:41,525 - INFO - 🔍 Обработка: Контроль учета деревянных поддонов при поставках в Тандер PLM OOO | ID: 00000000D7928C4C1E3BFA4C916DC6D2C725CE360700DA06F7E4286F7449B98F61081F2F89B200000000010C0000DA06F7E4286F7449B98F61081F2F89B200010047CFCE0000
2025-10-13 20:23:41,557 - INFO - 🔍 Обработка: Контроль учета деревянных поддонов при поставках в Тандер Logistik L7 OOO | ID: 00000000D7928C4C1E3BFA4C916DC6D2C725CE360700DA06F7E4286F7449B98F61081F2F89B200000000010C0000DA06F7E4286F7449B98F61081F2F89B200010047CFCD0000
2025-10-13 20:23:41,588 - INFO - 🔍 Обработка: Контроль учета деревянных поддонов при поставках в Тандер GTE-TRANSPORT OOO | ID: 00000000D7928C4C1E3BFA4C916DC6D2C725CE360700DA06F7E4286F7449B98F61081F2F89B200000000010C0000DA06F7E4286F7449B98F61081F2F89B200010047CFCC0000
2025-10-13 20:23:41,617 - INFO - 🔍 Обработка: Контроль учета деревянных поддонов при поставках в Тандер VOLK Povolzhe OOO | ID: 00000000D7928C4C1E3BFA4C916DC6D2C725CE360700DA06F7E4286F7449B98F61081F2F89B200000000010C0000DA06F7E4286F7449B98F61081F2F89B200010047CFCB0000
2025-10-13 20:23:41,663 - INFO - 🔍 Обработка: Контроль учета деревянных поддонов при поставках в Тандер MONOPOLIYA.Onlayn OOO | ID: 00000000D7928C4C1E3BFA4C916DC6D2C725CE360700DA06F7E4286F7449B98F61081F2F89B200000000010C0000DA06F7E4286F7449B98F61081F2F89B200010047CFCA0000
2025-10-13 20:23:41,698 - INFO - 🔍 Обработка: Контроль учета деревянных поддонов при поставках в Тандер Oboz Didzhital OOO | ID: 00000000D7928C4C1E3BFA4C916DC6D2C725CE360700DA06F7E4286F7449B98F61081F2F89B200000000010C0000DA06F7E4286F7449B98F61081F2F89B200010047CFC90000
2025-10-13 20:23:41,726 - INFO - 🔍 Обработка: Контроль учета деревянных поддонов при поставках в Тандер Olimp-Trans OOO | ID: 00000000D7928C4C1E3BFA4C916DC6D2C725CE360700DA06F7E4286F7449B98F61081F2F89B200000000010C0000DA06F7E4286F7449B98F61081F2F89B200010047CFC80000
2025-10-13 20:23:41,752 - INFO - 🔍 Обработка: Контроль учета деревянных поддонов при поставках в Тандер TK MOK Avtotrans OOO | ID: 00000000D7928C4C1E3BFA4C916DC6D2C725CE360700DA06F7E4286F7449B98F61081F2F89B200000000010C0000DA06F7E4286F7449B98F61081F2F89B200010047CFC70000
2025-10-13 20:23:41,766 - INFO - 🔍 Обработка: Контроль учета деревянных поддонов при поставках в Тандер FM Lozhistik Vostok AO | ID: 00000000D7928C4C1E3BFA4C916DC6D2C725CE360700DA06F7E4286F7449B98F61081F2F89B200000000010C0000DA06F7E4286F7449B98F61081F2F89B200010047CFC60000
2025-10-13 20:23:41,784 - INFO - 🔍 Обработка: Контроль учета деревянных поддонов при поставках в Тандер FM Lozhistik Vostok AO | ID: 00000000D7928C4C1E3BFA4C916DC6D2C725CE360700DA06F7E4286F7449B98F61081F2F89B200000000010C0000DA06F7E4286F7449B98F61081F2F89B200010047CFC50000
2025-10-13 20:23:41,807 - INFO - 🔍 Обработка: RE: DF _Сверка_поддонов_РЦ Подольск_ИНН 7705739450_ООО "Нестле Россия" 18.09-30.09 | ID: 00000000D7928C4C1E3BFA4C916DC6D2C725CE360700DA06F7E4286F7449B98F61081F2F89B200000000010C0000DA06F7E4286F7449B98F61081F2F89B200010047CFC40000
2025-10-13 20:23:41,833 - INFO - 🔍 Обработка: Re: Контроль учета деревянных поддонов при поставках в Тандер Transportnye Tekhnologii OOO | ID: 00000000D7928C4C1E3BFA4C916DC6D2C725CE360700DA06F7E4286F7449B98F61081F2F89B200000000010C0000DA06F7E4286F7449B98F61081F2F89B200010047CFC20000
2025-10-13 20:23:41,857 - INFO - 🔍 Обработка: Re: Контроль учета деревянных поддонов при поставках в Тандер Transportnye Tekhnologii OOO | ID: 00000000D7928C4C1E3BFA4C916DC6D2C725CE360700DA06F7E4286F7449B98F61081F2F89B200000000010C0000DA06F7E4286F7449B98F61081F2F89B200010047CFC10000
2025-10-13 20:23:41,890 - INFO - 🔍 Обработка: RE: DF _Сверка_поддонов_РЦ Подольск_ИНН 7705739450_ООО "Нестле Россия" 18.09-30.09 | ID: 00000000D7928C4C1E3BFA4C916DC6D2C725CE360700DA06F7E4286F7449B98F61081F2F89B200000000010C0000DA06F7E4286F7449B98F61081F2F89B200010047CFC00000
2025-10-13 20:23:41,917 - INFO - 🔍 Обработка: RE: Проблема исправления кол-ва поддонов Тандером в накладной R101394141 | ID: 00000000D7928C4C1E3BFA4C916DC6D2C725CE360700DA06F7E4286F7449B98F61081F2F89B200000000010C0000DA06F7E4286F7449B98F61081F2F89B200010047CFBE0000
2025-10-13 20:23:41,941 - INFO - 🔍 Обработка: Товарная накладная на поддоны R101399304, 6406594 7559525 ЛЕВИН | ID: 00000000D7928C4C1E3BFA4C916DC6D2C725CE360700DA06F7E4286F7449B98F61081F2F89B200000000010C0000DA06F7E4286F7449B98F61081F2F89B20000FF233F350000
2025-10-13 20:23:41,958 - INFO - 🔍 Обработка: Новости, которые вы могли пропустить | ID: 00000000D7928C4C1E3BFA4C916DC6D2C725CE360700DA06F7E4286F7449B98F61081F2F89B200000000010C0000DA06F7E4286F7449B98F61081F2F89B20000FF233F340000
2025-10-13 20:23:41,980 - INFO - 🔍 Обработка: All in 2025 – What you need to know | ID: 00000000D7928C4C1E3BFA4C916DC6D2C725CE360700DA06F7E4286F7449B98F61081F2F89B200000000010C0000DA06F7E4286F7449B98F61081F2F89B20000FEFFB9AF0000
2025-10-13 20:23:41,994 - INFO - 🔍 Обработка: All in 2025 –  выступление Филиппа Навратила и основные моменты мероприятия | ID: 00000000D7928C4C1E3BFA4C916DC6D2C725CE360700DA06F7E4286F7449B98F61081F2F89B200000000010C0000DA06F7E4286F7449B98F61081F2F89B20000FEFFB9AE0000
2025-10-13 20:23:42,007 - INFO - 🔍 Обработка: RE: Контроль учета деревянных поддонов при поставках в Тандер GTE-TRANSPORT OOO | ID: 00000000D7928C4C1E3BFA4C916DC6D2C725CE360700DA06F7E4286F7449B98F61081F2F89B200000000010C0000DA06F7E4286F7449B98F61081F2F89B20000FEFFB9AD0000
2025-10-13 20:23:42,015 - INFO - 🔍 Обработка: RE: Контроль учета деревянных поддонов при поставках в Тандер GTE-TRANSPORT OOO | ID: 00000000D7928C4C1E3BFA4C916DC6D2C725CE360700DA06F7E4286F7449B98F61081F2F89B200000000010C0000DA06F7E4286F7449B98F61081F2F89B20000FEFFB9AB0000
2025-10-13 20:23:42,025 - INFO - 🔍 Обработка: RE: Контроль учета деревянных поддонов при поставках в Тандер GTE-TRANSPORT OOO | ID: 00000000D7928C4C1E3BFA4C916DC6D2C725CE360700DA06F7E4286F7449B98F61081F2F89B200000000010C0000DA06F7E4286F7449B98F61081F2F89B20000FEFFB9A90000
2025-10-13 20:23:42,039 - INFO - 🔍 Обработка: RE: Контроль учета деревянных поддонов при поставках в Тандер GTE-TRANSPORT OOO | ID: 00000000D7928C4C1E3BFA4C916DC6D2C725CE360700DA06F7E4286F7449B98F61081F2F89B200000000010C0000DA06F7E4286F7449B98F61081F2F89B20000FEFFB9A80000
2025-10-13 20:23:42,050 - INFO - 🔍 Обработка: Плановые технические работы на HostVM VDI - 16.10.2025 c 19:00 до 21:00 | Scheduled maintenance work on HostVM VDI - 16.10.2025 from 19:00 to 21:00 | ID: 00000000D7928C4C1E3BFA4C916DC6D2C725CE360700DA06F7E4286F7449B98F61081F2F89B200000000010C0000DA06F7E4286F7449B98F61081F2F89B20000FEFFB9A60000
2025-10-13 20:23:42,064 - INFO - 🔍 Обработка: 10 октября - международный день каши! | ID: 00000000D7928C4C1E3BFA4C916DC6D2C725CE360700DA06F7E4286F7449B98F61081F2F89B200000000010C0000DA06F7E4286F7449B98F61081F2F89B20000FEFFB9A50000
2025-10-13 20:23:42,076 - INFO - 🔍 Обработка: RE: Контроль учета деревянных поддонов при поставках в Тандер GTE-TRANSPORT OOO | ID: 00000000D7928C4C1E3BFA4C916DC6D2C725CE360700DA06F7E4286F7449B98F61081F2F89B200000000010C0000DA06F7E4286F7449B98F61081F2F89B20000FEFFB9A30000
2025-10-13 20:23:42,096 - INFO - 🔍 Обработка: Re: Контроль учета деревянных поддонов при поставках в Тандер Transportnye Tekhnologii OOO | ID: 00000000D7928C4C1E3BFA4C916DC6D2C725CE360700DA06F7E4286F7449B98F61081F2F89B200000000010C0000DA06F7E4286F7449B98F61081F2F89B20000FE78F2A80000
2025-10-13 20:23:42,114 - INFO - 🔍 Обработка: Re: Контроль учета деревянных поддонов при поставках в Тандер Transportnye Tekhnologii OOO | ID: 00000000D7928C4C1E3BFA4C916DC6D2C725CE360700DA06F7E4286F7449B98F61081F2F89B200000000010C0000DA06F7E4286F7449B98F61081F2F89B20000FE78F2A60000
2025-10-13 20:23:42,133 - INFO - 🔍 Обработка: 6408753 7561842 R101400064 НЕСТЛЕ | ID: 00000000D7928C4C1E3BFA4C916DC6D2C725CE360700DA06F7E4286F7449B98F61081F2F89B200000000010C0000DA06F7E4286F7449B98F61081F2F89B20000FE78F2A50000
2025-10-13 20:23:42,150 - INFO - 🔍 Обработка: Недоступность системы Directum |  Unavailability of the Directum System | ID: 00000000D7928C4C1E3BFA4C916DC6D2C725CE360700DA06F7E4286F7449B98F61081F2F89B200000000010C0000DA06F7E4286F7449B98F61081F2F89B20000FE78F2A40000
2025-10-13 20:23:42,163 - INFO - 🔍 Обработка: Восстановление работы портала myNestle | Restore myNestle portal | ID: 00000000D7928C4C1E3BFA4C916DC6D2C725CE360700DA06F7E4286F7449B98F61081F2F89B200000000010C0000DA06F7E4286F7449B98F61081F2F89B20000FE78F2A30000
2025-10-13 20:23:42,172 - INFO - 🔍 Обработка: Контроль учета деревянных поддонов при поставках в Тандер FM Lozhistik Vostok AO | ID: 00000000D7928C4C1E3BFA4C916DC6D2C725CE360700DA06F7E4286F7449B98F61081F2F89B200000000010C0000DA06F7E4286F7449B98F61081F2F89B20000FE78F2A20000
2025-10-13 20:23:42,181 - INFO - 🔍 Обработка: Контроль учета деревянных поддонов при поставках в Тандер Transportnye Tekhnologii OOO | ID: 00000000D7928C4C1E3BFA4C916DC6D2C725CE360700DA06F7E4286F7449B98F61081F2F89B200000000010C0000DA06F7E4286F7449B98F61081F2F89B20000FE78F2A10000
2025-10-13 20:23:42,192 - INFO - 🔍 Обработка: Контроль учета деревянных поддонов при поставках в Тандер FKKGrup OOO | ID: 00000000D7928C4C1E3BFA4C916DC6D2C725CE360700DA06F7E4286F7449B98F61081F2F89B200000000010C0000DA06F7E4286F7449B98F61081F2F89B20000FE78F2A00000
2025-10-13 20:23:42,216 - INFO - 🔍 Обработка: Контроль учета деревянных поддонов при поставках в Тандер PLM OOO | ID: 00000000D7928C4C1E3BFA4C916DC6D2C725CE360700DA06F7E4286F7449B98F61081F2F89B200000000010C0000DA06F7E4286F7449B98F61081F2F89B20000FE78F29F0000
2025-10-13 20:23:42,257 - INFO - 🔍 Обработка: Контроль учета деревянных поддонов при поставках в Тандер Logistik L7 OOO | ID: 00000000D7928C4C1E3BFA4C916DC6D2C725CE360700DA06F7E4286F7449B98F61081F2F89B200000000010C0000DA06F7E4286F7449B98F61081F2F89B20000FE78F29E0000
2025-10-13 20:23:42,301 - INFO - 🔍 Обработка: Re: Контроль учета деревянных поддонов при поставках в Тандер MONOPOLIYA.Onlayn OOO | ID: 00000000D7928C4C1E3BFA4C916DC6D2C725CE360700DA06F7E4286F7449B98F61081F2F89B200000000010C0000DA06F7E4286F7449B98F61081F2F89B20000FE78F29D0000
2025-10-13 20:23:42,329 - INFO - 🔍 Обработка: Контроль учета деревянных поддонов при поставках в Тандер GTE-TRANSPORT OOO | ID: 00000000D7928C4C1E3BFA4C916DC6D2C725CE360700DA06F7E4286F7449B98F61081F2F89B200000000010C0000DA06F7E4286F7449B98F61081F2F89B20000FE78F29C0000
2025-10-13 20:23:42,360 - INFO - 🔍 Обработка: Контроль учета деревянных поддонов при поставках в Тандер VOLK Povolzhe OOO | ID: 00000000D7928C4C1E3BFA4C916DC6D2C725CE360700DA06F7E4286F7449B98F61081F2F89B200000000010C0000DA06F7E4286F7449B98F61081F2F89B20000FE78F29B0000
2025-10-13 20:23:42,397 - INFO - 🔍 Обработка: Контроль учета деревянных поддонов при поставках в Тандер MONOPOLIYA.Onlayn OOO | ID: 00000000D7928C4C1E3BFA4C916DC6D2C725CE360700DA06F7E4286F7449B98F61081F2F89B200000000010C0000DA06F7E4286F7449B98F61081F2F89B20000FE78F29A0000
2025-10-13 20:23:42,420 - INFO - 🔍 Обработка: Контроль учета деревянных поддонов при поставках в Тандер Oboz Didzhital OOO | ID: 00000000D7928C4C1E3BFA4C916DC6D2C725CE360700DA06F7E4286F7449B98F61081F2F89B200000000010C0000DA06F7E4286F7449B98F61081F2F89B20000FE78F2990000
2025-10-13 20:23:42,439 - INFO - 🔍 Обработка: Контроль учета деревянных поддонов при поставках в Тандер Olimp-Trans OOO | ID: 00000000D7928C4C1E3BFA4C916DC6D2C725CE360700DA06F7E4286F7449B98F61081F2F89B200000000010C0000DA06F7E4286F7449B98F61081F2F89B20000FE78F2980000
2025-10-13 20:23:42,461 - INFO - 🔍 Обработка: Контроль учета деревянных поддонов при поставках в Тандер TK MOK Avtotrans OOO | ID: 00000000D7928C4C1E3BFA4C916DC6D2C725CE360700DA06F7E4286F7449B98F61081F2F89B200000000010C0000DA06F7E4286F7449B98F61081F2F89B20000FE78F2970000
2025-10-13 20:23:42,474 - INFO - 🔍 Обработка: Контроль учета деревянных поддонов при поставках в Тандер TK MOK Avtotrans OOO | ID: 00000000D7928C4C1E3BFA4C916DC6D2C725CE360700DA06F7E4286F7449B98F61081F2F89B200000000010C0000DA06F7E4286F7449B98F61081F2F89B20000FE78F2960000
2025-10-13 20:23:42,489 - INFO - 🔍 Обработка: RE: Сохранение экономии по процессу Тандер Мурманск после изменения тарифов с 1 октября | ID: 00000000D7928C4C1E3BFA4C916DC6D2C725CE360700DA06F7E4286F7449B98F61081F2F89B200000000010C0000DA06F7E4286F7449B98F61081F2F89B20000FE78F2950000
2025-10-13 20:23:42,508 - INFO - 🔍 Обработка: Недоступность портала myNestle | Unavailability of the myNestle portal  | ID: 00000000D7928C4C1E3BFA4C916DC6D2C725CE360700DA06F7E4286F7449B98F61081F2F89B200000000010C0000DA06F7E4286F7449B98F61081F2F89B20000FE78F2940000
2025-10-13 20:23:42,523 - INFO - 🔍 Обработка: Re: Контроль учета деревянных поддонов при поставках в Тандер MONOPOLIYA.Onlayn OOO | ID: 00000000D7928C4C1E3BFA4C916DC6D2C725CE360700DA06F7E4286F7449B98F61081F2F89B200000000010C0000DA06F7E4286F7449B98F61081F2F89B20000FE78F2930000
2025-10-13 20:23:42,537 - INFO - 🔍 Обработка: Приглашаем вас пройти новые электронные курсы // We invite you to take new e-learning courses | ID: 00000000D7928C4C1E3BFA4C916DC6D2C725CE360700DA06F7E4286F7449B98F61081F2F89B200000000010C0000DA06F7E4286F7449B98F61081F2F89B20000FE3512040000
2025-10-13 20:23:42,547 - INFO - 🔍 Обработка: Re: R101400352 нет доверенности | ID: 00000000D7928C4C1E3BFA4C916DC6D2C725CE360700DA06F7E4286F7449B98F61081F2F89B200000000010C0000DA06F7E4286F7449B98F61081F2F89B20000FE3512030000
2025-10-13 20:23:42,558 - INFO - 🔍 Обработка: R101400352 нет доверенности | ID: 00000000D7928C4C1E3BFA4C916DC6D2C725CE360700DA06F7E4286F7449B98F61081F2F89B200000000010C0000DA06F7E4286F7449B98F61081F2F89B20000FE3512020000
2025-10-13 20:23:42,573 - INFO - 🔍 Обработка: RE: Мультидроп Тандер Великий Новгород + ДЦ  Санкт-Петербург R101399762 | ID: 00000000D7928C4C1E3BFA4C916DC6D2C725CE360700DA06F7E4286F7449B98F61081F2F89B200000000010C0000DA06F7E4286F7449B98F61081F2F89B20000FE3511FF0000
2025-10-13 20:23:42,597 - INFO - 🔍 Обработка: Плановые работы SAP: Недоступность систем R9U и R9V — 13 октября 2025 | SAP scheduled work: Unavailability of R9U and R9V systems — October 13, 2025 | ID: 00000000D7928C4C1E3BFA4C916DC6D2C725CE360700DA06F7E4286F7449B98F61081F2F89B200000000010C0000DA06F7E4286F7449B98F61081F2F89B20000FE3511FE0000
2025-10-13 20:23:42,631 - INFO - 🔍 Обработка: RE: Проблема исправления кол-ва поддонов Тандером в накладной R101394141 | ID: 00000000D7928C4C1E3BFA4C916DC6D2C725CE360700DA06F7E4286F7449B98F61081F2F89B200000000010C0000DA06F7E4286F7449B98F61081F2F89B20000FE3511FD0000
2025-10-13 20:23:42,643 - INFO - 🔍 Обработка: RE: Проблема исправления кол-ва поддонов Тандером в накладной R101394141 | ID: 00000000D7928C4C1E3BFA4C916DC6D2C725CE360700DA06F7E4286F7449B98F61081F2F89B200000000010C0000DA06F7E4286F7449B98F61081F2F89B20000FE3511FC0000
2025-10-13 20:23:42,652 - INFO - 🔍 Обработка: RE: Контроль учета деревянных поддонов при поставках в Тандер GTE-TRANSPORT OOO | ID: 00000000D7928C4C1E3BFA4C916DC6D2C725CE360700DA06F7E4286F7449B98F61081F2F89B200000000010C0000DA06F7E4286F7449B98F61081F2F89B20000FE3511FB0000
2025-10-13 20:23:42,660 - INFO - 🔍 Обработка: Re: Контроль учета деревянных поддонов при поставках в Тандер MONOPOLIYA.Onlayn OOO | ID: 00000000D7928C4C1E3BFA4C916DC6D2C725CE360700DA06F7E4286F7449B98F61081F2F89B200000000010C0000DA06F7E4286F7449B98F61081F2F89B20000FE3511F90000
2025-10-13 20:23:42,670 - INFO - 🔍 Обработка: Re: Контроль учета деревянных поддонов при поставках в Тандер MONOPOLIYA.Onlayn OOO | ID: 00000000D7928C4C1E3BFA4C916DC6D2C725CE360700DA06F7E4286F7449B98F61081F2F89B200000000010C0000DA06F7E4286F7449B98F61081F2F89B20000FE3511F80000
2025-10-13 20:23:42,680 - INFO - 🔍 Обработка: RE: Контроль учета деревянных поддонов при поставках в Тандер GTE-TRANSPORT OOO | ID: 00000000D7928C4C1E3BFA4C916DC6D2C725CE360700DA06F7E4286F7449B98F61081F2F89B200000000010C0000DA06F7E4286F7449B98F61081F2F89B20000FE3511F70000
2025-10-13 20:23:42,690 - INFO - 🔍 Обработка: RE: DO экономии 2025 | ID: 00000000D7928C4C1E3BFA4C916DC6D2C725CE360700DA06F7E4286F7449B98F61081F2F89B200000000010C0000DA06F7E4286F7449B98F61081F2F89B20000FE3511F50000
2025-10-13 20:23:42,700 - INFO - 🔍 Обработка: [OA] Добро пожаловать в мир Красоты! Начало новой волны для размещения заказов | ID: 00000000D7928C4C1E3BFA4C916DC6D2C725CE360700DA06F7E4286F7449B98F61081F2F89B200000000010C0000DA06F7E4286F7449B98F61081F2F89B20000FE3511F40000
2025-10-13 20:23:42,708 - INFO - 🔍 Обработка: RE: Мультидроп Тандер Великий Новгород + ДЦ  Санкт-Петербург R101399762 | ID: 00000000D7928C4C1E3BFA4C916DC6D2C725CE360700DA06F7E4286F7449B98F61081F2F89B200000000010C0000DA06F7E4286F7449B98F61081F2F89B20000FE3511F30000
2025-10-13 20:23:42,716 - INFO - 🔍 Обработка: RE: FA  возобновление аренды.xlsx Экономии на поддонах | ID: 00000000D7928C4C1E3BFA4C916DC6D2C725CE360700DA06F7E4286F7449B98F61081F2F89B200000000010C0000DA06F7E4286F7449B98F61081F2F89B20000FE3511F20000
2025-10-13 20:23:42,725 - INFO - 🔍 Обработка: RE: Контроль учета деревянных поддонов при поставках в Тандер GTE-TRANSPORT OOO | ID: 00000000D7928C4C1E3BFA4C916DC6D2C725CE360700DA06F7E4286F7449B98F61081F2F89B200000000010C0000DA06F7E4286F7449B98F61081F2F89B20000FC7DE31A0000
2025-10-13 20:23:42,734 - INFO - 🔍 Обработка: Re: Контроль учета деревянных поддонов при поставках в Тандер Transportnye Tekhnologii OOO | ID: 00000000D7928C4C1E3BFA4C916DC6D2C725CE360700DA06F7E4286F7449B98F61081F2F89B200000000010C0000DA06F7E4286F7449B98F61081F2F89B20000FC7DE3180000
2025-10-13 20:23:42,742 - INFO - 🔍 Обработка: RE: ДР Никиты | ID: 00000000D7928C4C1E3BFA4C916DC6D2C725CE360700DA06F7E4286F7449B98F61081F2F89B200000000010C0000DA06F7E4286F7449B98F61081F2F89B20000FC7DE3160000
2025-10-13 20:23:42,753 - INFO - 🔍 Обработка: RE: DO экономии 2025 | ID: 00000000D7928C4C1E3BFA4C916DC6D2C725CE360700DA06F7E4286F7449B98F61081F2F89B200000000010C0000DA06F7E4286F7449B98F61081F2F89B20000FC7DE3150000
2025-10-13 20:23:42,760 - INFO - 🔍 Обработка: Мультидроп Тандер Великий Новгород + ДЦ  Санкт-Петербург R101399762 | ID: 00000000D7928C4C1E3BFA4C916DC6D2C725CE360700DA06F7E4286F7449B98F61081F2F89B200000000010C0000DA06F7E4286F7449B98F61081F2F89B20000FC7DE3140000
2025-10-13 20:23:42,770 - INFO - 🔍 Обработка: Персональная рассылка о накопленных баллах (F&F and partners) | ID: 00000000D7928C4C1E3BFA4C916DC6D2C725CE360700DA06F7E4286F7449B98F61081F2F89B200000000010C0000DA06F7E4286F7449B98F61081F2F89B20000FC7DE3130000
2025-10-13 20:23:42,779 - INFO - 🔍 Обработка: Re: Контроль учета деревянных поддонов при поставках в Тандер Transportnye Tekhnologii OOO | ID: 00000000D7928C4C1E3BFA4C916DC6D2C725CE360700DA06F7E4286F7449B98F61081F2F89B200000000010C0000DA06F7E4286F7449B98F61081F2F89B20000FC7DE3120000
2025-10-13 20:23:42,788 - INFO - 🔍 Обработка: Re: Контроль учета деревянных поддонов при поставках в Тандер Transportnye Tekhnologii OOO | ID: 00000000D7928C4C1E3BFA4C916DC6D2C725CE360700DA06F7E4286F7449B98F61081F2F89B200000000010C0000DA06F7E4286F7449B98F61081F2F89B20000FC7DE3100000
2025-10-13 20:23:42,798 - INFO - 🔍 Обработка: Re: Контроль учета деревянных поддонов при поставках в Тандер FM Lozhistik Vostok AO | ID: 00000000D7928C4C1E3BFA4C916DC6D2C725CE360700DA06F7E4286F7449B98F61081F2F89B200000000010C0000DA06F7E4286F7449B98F61081F2F89B20000FC7DE30E0000
2025-10-13 20:23:42,810 - INFO - 🔍 Обработка: Онлайн-вебинар: ЭТрН 2026 — как перейти без рисков и штрафов! | ID: 00000000D7928C4C1E3BFA4C916DC6D2C725CE360700DA06F7E4286F7449B98F61081F2F89B200000000010C0000DA06F7E4286F7449B98F61081F2F89B20000FC7DE30D0000
2025-10-13 20:23:42,823 - INFO - 🔍 Обработка: Онлайн-вебинар: ЭТрН 2026 — как перейти без рисков и штрафов! | ID: 00000000D7928C4C1E3BFA4C916DC6D2C725CE360700DA06F7E4286F7449B98F61081F2F89B200000000010C0000DA06F7E4286F7449B98F61081F2F89B20000FC7DE30C0000
2025-10-13 20:23:42,837 - INFO - 🔍 Обработка: Обновление операционной системы до Windows 11 |  Upgrading the operating system to Windows 11 | ID: 00000000D7928C4C1E3BFA4C916DC6D2C725CE360700DA06F7E4286F7449B98F61081F2F89B200000000010C0000DA06F7E4286F7449B98F61081F2F89B20000FC7DE30B0000
2025-10-13 20:23:42,856 - INFO - 🔍 Обработка: Re: Контроль учета деревянных поддонов при поставках в Тандер MONOPOLIYA.Onlayn OOO | ID: 00000000D7928C4C1E3BFA4C916DC6D2C725CE360700DA06F7E4286F7449B98F61081F2F89B200000000010C0000DA06F7E4286F7449B98F61081F2F89B20000FC7DE30A0000
2025-10-13 20:23:42,878 - INFO - 🔍 Обработка: Re: Контроль учета деревянных поддонов при поставках в Тандер MONOPOLIYA.Onlayn OOO | ID: 00000000D7928C4C1E3BFA4C916DC6D2C725CE360700DA06F7E4286F7449B98F61081F2F89B200000000010C0000DA06F7E4286F7449B98F61081F2F89B20000FC7DE3090000
2025-10-13 20:23:42,898 - INFO - 🔍 Обработка: DF _Сверка_поддонов_РЦ Колпино_ИНН 7705739450_ООО "Нестле Россия" 18.09-30.09 | ID: 00000000D7928C4C1E3BFA4C916DC6D2C725CE360700DA06F7E4286F7449B98F61081F2F89B200000000010C0000DA06F7E4286F7449B98F61081F2F89B20000FC7DE3060000
2025-10-13 20:23:42,945 - INFO - 🔍 Обработка: DF _Сверка_поддонов_РЦ Ерзовка_ИНН 7705739450_ООО "Нестле Россия" 18.09-30.09 | ID: 00000000D7928C4C1E3BFA4C916DC6D2C725CE360700DA06F7E4286F7449B98F61081F2F89B200000000010C0000DA06F7E4286F7449B98F61081F2F89B20000FC7DE3040000
2025-10-13 20:23:42,978 - INFO - 🔍 Обработка: DF _Сверка_поддонов_РЦ Киров_ИНН 7705739450_ООО "Нестле Россия" 18.09-30.09 | ID: 00000000D7928C4C1E3BFA4C916DC6D2C725CE360700DA06F7E4286F7449B98F61081F2F89B200000000010C0000DA06F7E4286F7449B98F61081F2F89B20000FC7DE3020000
2025-10-13 20:23:43,018 - INFO - 🔍 Обработка: Automatic reply: Ежемесячное собрание по проектам транспортного отдела | ID: 00000000D7928C4C1E3BFA4C916DC6D2C725CE360700DA06F7E4286F7449B98F61081F2F89B200000000010C0000DA06F7E4286F7449B98F61081F2F89B20000FC7DE3000000
2025-10-13 20:23:43,039 - INFO - 🔍 Обработка: DF _Сверка_поддонов_РЦ Лермонтов_ИНН 7705739450_ООО "Нестле Россия" 24.09-30.09 | ID: 00000000D7928C4C1E3BFA4C916DC6D2C725CE360700DA06F7E4286F7449B98F61081F2F89B200000000010C0000DA06F7E4286F7449B98F61081F2F89B20000FC7DE2FE0000
2025-10-13 20:23:43,050 - INFO - 🔍 Обработка: RE: DF _Сверка_поддонов_РЦ Самара_ИНН 7705739450_ООО "Нестле Россия" 18.09-30.09 | ID: 00000000D7928C4C1E3BFA4C916DC6D2C725CE360700DA06F7E4286F7449B98F61081F2F89B200000000010C0000DA06F7E4286F7449B98F61081F2F89B20000FC7DE2FC0000
2025-10-13 20:23:43,060 - INFO - 🔍 Обработка: DF _Сверка_поддонов_РЦ Самара_ИНН 7705739450_ООО "Нестле Россия" 18.09-30.09 | ID: 00000000D7928C4C1E3BFA4C916DC6D2C725CE360700DA06F7E4286F7449B98F61081F2F89B200000000010C0000DA06F7E4286F7449B98F61081F2F89B20000FC7DE2FA0000
2025-10-13 20:23:43,071 - INFO - 🔍 Обработка: Re: Контроль учета деревянных поддонов при поставках в Тандер MONOPOLIYA.Onlayn OOO | ID: 00000000D7928C4C1E3BFA4C916DC6D2C725CE360700DA06F7E4286F7449B98F61081F2F89B200000000010C0000DA06F7E4286F7449B98F61081F2F89B20000FC7DE2F70000
2025-10-13 20:23:43,082 - INFO - 🔍 Обработка: PDP - Подготовка к Подведению итогов 2025 года // PDP - Preparation for the Year-end 2025 | ID: 00000000D7928C4C1E3BFA4C916DC6D2C725CE360700DA06F7E4286F7449B98F61081F2F89B200000000010C0000DA06F7E4286F7449B98F61081F2F89B20000FC7DE2F60000
2025-10-13 20:23:43,101 - INFO - 🔍 Обработка: DF _Сверка_поддонов_РЦ Подольск_ИНН 7705739450_ООО "Нестле Россия" 18.09-30.09 | ID: 00000000D7928C4C1E3BFA4C916DC6D2C725CE360700DA06F7E4286F7449B98F61081F2F89B200000000010C0000DA06F7E4286F7449B98F61081F2F89B20000FC7DE2F50000
2025-10-13 20:23:43,116 - INFO - 🔍 Обработка: Re: Контроль учета деревянных поддонов при поставках в Тандер MONOPOLIYA.Onlayn OOO | ID: 00000000D7928C4C1E3BFA4C916DC6D2C725CE360700DA06F7E4286F7449B98F61081F2F89B200000000010C0000DA06F7E4286F7449B98F61081F2F89B20000FC7DE2F30000
2025-10-13 20:23:43,132 - INFO - 🔍 Обработка: RE: Контроль учета деревянных поддонов при поставках в Тандер GTE-TRANSPORT OOO | ID: 00000000D7928C4C1E3BFA4C916DC6D2C725CE360700DA06F7E4286F7449B98F61081F2F89B200000000010C0000DA06F7E4286F7449B98F61081F2F89B20000FC7DE2F20000
2025-10-13 20:23:43,143 - INFO - 🔍 Обработка: RE: Контроль учета деревянных поддонов при поставках в Тандер GTE-TRANSPORT OOO | ID: 00000000D7928C4C1E3BFA4C916DC6D2C725CE360700DA06F7E4286F7449B98F61081F2F89B200000000010C0000DA06F7E4286F7449B98F61081F2F89B20000FC7DE2F10000
2025-10-13 20:23:43,157 - INFO - 🔍 Обработка: Контроль учета деревянных поддонов при поставках в Тандер FM Lozhistik Vostok AO | ID: 00000000D7928C4C1E3BFA4C916DC6D2C725CE360700DA06F7E4286F7449B98F61081F2F89B200000000010C0000DA06F7E4286F7449B98F61081F2F89B20000FC7DE2F00000
2025-10-13 20:23:43,180 - INFO - 🔍 Обработка: Контроль учета деревянных поддонов при поставках в Тандер Transportnye Tekhnologii OOO | ID: 00000000D7928C4C1E3BFA4C916DC6D2C725CE360700DA06F7E4286F7449B98F61081F2F89B200000000010C0000DA06F7E4286F7449B98F61081F2F89B20000FC7DE2EF0000
2025-10-13 20:23:43,202 - INFO - 🔍 Обработка: Re: Контроль учета деревянных поддонов при поставках в Тандер MONOPOLIYA.Onlayn OOO | ID: 00000000D7928C4C1E3BFA4C916DC6D2C725CE360700DA06F7E4286F7449B98F61081F2F89B200000000010C0000DA06F7E4286F7449B98F61081F2F89B20000FC7DE2EE0000
2025-10-13 20:23:43,215 - INFO - 🔍 Обработка: Контроль учета деревянных поддонов при поставках в Тандер FKKGrup OOO | ID: 00000000D7928C4C1E3BFA4C916DC6D2C725CE360700DA06F7E4286F7449B98F61081F2F89B200000000010C0000DA06F7E4286F7449B98F61081F2F89B20000FC7DE2ED0000
2025-10-13 20:23:43,227 - INFO - 🔍 Обработка: Контроль учета деревянных поддонов при поставках в Тандер PLM OOO | ID: 00000000D7928C4C1E3BFA4C916DC6D2C725CE360700DA06F7E4286F7449B98F61081F2F89B200000000010C0000DA06F7E4286F7449B98F61081F2F89B20000FC7DE2EC0000
2025-10-13 20:23:43,243 - INFO - 🔍 Обработка: Контроль учета деревянных поддонов при поставках в Тандер Logistik L7 OOO | ID: 00000000D7928C4C1E3BFA4C916DC6D2C725CE360700DA06F7E4286F7449B98F61081F2F89B200000000010C0000DA06F7E4286F7449B98F61081F2F89B20000FC7DE2EB0000
2025-10-13 20:23:43,253 - INFO - 🔍 Обработка: Контроль учета деревянных поддонов при поставках в Тандер GTE-TRANSPORT OOO | ID: 00000000D7928C4C1E3BFA4C916DC6D2C725CE360700DA06F7E4286F7449B98F61081F2F89B200000000010C0000DA06F7E4286F7449B98F61081F2F89B20000FC7DE2EA0000
2025-10-13 20:23:43,268 - INFO - 🔍 Обработка: Контроль учета деревянных поддонов при поставках в Тандер VOLK Povolzhe OOO | ID: 00000000D7928C4C1E3BFA4C916DC6D2C725CE360700DA06F7E4286F7449B98F61081F2F89B200000000010C0000DA06F7E4286F7449B98F61081F2F89B20000FC7DE2E90000
2025-10-13 20:23:43,292 - INFO - 🔍 Обработка: Контроль учета деревянных поддонов при поставках в Тандер MONOPOLIYA.Onlayn OOO | ID: 00000000D7928C4C1E3BFA4C916DC6D2C725CE360700DA06F7E4286F7449B98F61081F2F89B200000000010C0000DA06F7E4286F7449B98F61081F2F89B20000FC7DE2E80000
2025-10-13 20:23:43,306 - INFO - 🔍 Обработка: Контроль учета деревянных поддонов при поставках в Тандер Oboz Didzhital OOO | ID: 00000000D7928C4C1E3BFA4C916DC6D2C725CE360700DA06F7E4286F7449B98F61081F2F89B200000000010C0000DA06F7E4286F7449B98F61081F2F89B20000FC7DE2E70000
2025-10-13 20:23:43,324 - INFO - 🔍 Обработка: Контроль учета деревянных поддонов при поставках в Тандер Olimp-Trans OOO | ID: 00000000D7928C4C1E3BFA4C916DC6D2C725CE360700DA06F7E4286F7449B98F61081F2F89B200000000010C0000DA06F7E4286F7449B98F61081F2F89B20000FC7DE2E60000
2025-10-13 20:23:43,334 - INFO - 🔍 Обработка: Контроль учета деревянных поддонов при поставках в Тандер TK MOK Avtotrans OOO | ID: 00000000D7928C4C1E3BFA4C916DC6D2C725CE360700DA06F7E4286F7449B98F61081F2F89B200000000010C0000DA06F7E4286F7449B98F61081F2F89B20000FC7DE2E50000
2025-10-13 20:23:43,342 - INFO - 🔍 Обработка: Недоступность системы Directum |  Unavailability of the Directum System | ID: 00000000D7928C4C1E3BFA4C916DC6D2C725CE360700DA06F7E4286F7449B98F61081F2F89B200000000010C0000DA06F7E4286F7449B98F61081F2F89B20000FC7DE2E40000
2025-10-13 20:23:43,355 - INFO - 🔍 Обработка: [OA] ВОЛНА ДЛЯ ДРУЗЕЙ УЖЕ ЗАВТРА! | ID: 00000000D7928C4C1E3BFA4C916DC6D2C725CE360700DA06F7E4286F7449B98F61081F2F89B200000000010C0000DA06F7E4286F7449B98F61081F2F89B20000FC7DE2E30000
2025-10-13 20:23:43,378 - INFO - 🔍 Обработка: RE: Контроль учета деревянных поддонов при поставках в Тандер GTE-TRANSPORT OOO | ID: 00000000D7928C4C1E3BFA4C916DC6D2C725CE360700DA06F7E4286F7449B98F61081F2F89B200000000010C0000DA06F7E4286F7449B98F61081F2F89B20000FC7DE2E20000
2025-10-13 20:23:43,404 - INFO - 🔍 Обработка: RE: Претензии по RU37 | ID: 00000000D7928C4C1E3BFA4C916DC6D2C725CE360700DA06F7E4286F7449B98F61081F2F89B200000000010C0000DA06F7E4286F7449B98F61081F2F89B20000FC7DE2E00000
2025-10-13 20:23:43,440 - INFO - 🔍 Обработка: побрейнштормить. как изменить процесс регистрации возвратов и создавать возвратные перевозки | ID: 00000000D7928C4C1E3BFA4C916DC6D2C725CE360700DA06F7E4286F7449B98F61081F2F89B200000000010C0000DA06F7E4286F7449B98F61081F2F89B20000FC7DE2DE0000
2025-10-13 20:23:43,478 - INFO - 🔍 Обработка: Плановые работы SAP: Недоступность систем R9U и R9V — 9 октября 2025 | SAP scheduled work: Unavailability of R9U and R9V systems — October 9, 2025 | ID: 00000000D7928C4C1E3BFA4C916DC6D2C725CE360700DA06F7E4286F7449B98F61081F2F89B200000000010C0000DA06F7E4286F7449B98F61081F2F89B20000FC7DE2DD0000
2025-10-13 20:23:43,495 - INFO - 🔍 Обработка: Неделя программы Purina «Мы – твои друзья» - голосование за лучшие работы Конкурса семейной фотографии! | ID: 00000000D7928C4C1E3BFA4C916DC6D2C725CE360700DA06F7E4286F7449B98F61081F2F89B200000000010C0000DA06F7E4286F7449B98F61081F2F89B20000FC7DE2DC0000
2025-10-13 20:23:43,518 - INFO - 🔍 Обработка: RE: Мультидроп Тандер Великий Новгород + ДЦ  Санкт-Петербург R101399893 | ID: 00000000D7928C4C1E3BFA4C916DC6D2C725CE360700DA06F7E4286F7449B98F61081F2F89B200000000010C0000DA06F7E4286F7449B98F61081F2F89B20000FC7DE2DB0000
2025-10-13 20:23:43,534 - INFO - 🔍 Обработка: Мультидроп Тандер Великий Новгород + ДЦ  Санкт-Петербург R101398760 | ID: 00000000D7928C4C1E3BFA4C916DC6D2C725CE360700DA06F7E4286F7449B98F61081F2F89B200000000010C0000DA06F7E4286F7449B98F61081F2F89B20000FC7DE2DA0000
2025-10-13 20:23:43,544 - INFO - 🔍 Обработка: Мультидроп Тандер Великий Новгород + ДЦ  Санкт-Петербург R101398760 | ID: 00000000D7928C4C1E3BFA4C916DC6D2C725CE360700DA06F7E4286F7449B98F61081F2F89B200000000010C0000DA06F7E4286F7449B98F61081F2F89B20000FC7DE2D90000
2025-10-13 20:23:43,554 - INFO - 🔍 Обработка: RE: Мультидроп Тандер Мурманск + ДЦ  Санкт-Петербург R101399623 | ID: 00000000D7928C4C1E3BFA4C916DC6D2C725CE360700DA06F7E4286F7449B98F61081F2F89B200000000010C0000DA06F7E4286F7449B98F61081F2F89B20000FC7DE2D60000
2025-10-13 20:23:43,569 - INFO - 🔍 Обработка: Мультидроп Тандер Мурманск + ДЦ  Санкт-Петербург R101399623 | ID: 00000000D7928C4C1E3BFA4C916DC6D2C725CE360700DA06F7E4286F7449B98F61081F2F89B200000000010C0000DA06F7E4286F7449B98F61081F2F89B20000FC7DE2D50000
2025-10-13 20:23:43,588 - INFO - 🔍 Обработка: Мультидроп Тандер Мурманск + ДЦ  Санкт-Петербург R101399623 | ID: 00000000D7928C4C1E3BFA4C916DC6D2C725CE360700DA06F7E4286F7449B98F61081F2F89B200000000010C0000DA06F7E4286F7449B98F61081F2F89B20000FC7DE2D40000
2025-10-13 20:23:43,613 - INFO - 🔍 Обработка: Недоступность системы Directum |  Unavailability of the Directum System | ID: 00000000D7928C4C1E3BFA4C916DC6D2C725CE360700DA06F7E4286F7449B98F61081F2F89B200000000010C0000DA06F7E4286F7449B98F61081F2F89B20000FC7DE2D20000
2025-10-13 20:23:43,634 - INFO - 🔍 Обработка: R101397800, R101398703, R101396622 | ID: 00000000D7928C4C1E3BFA4C916DC6D2C725CE360700DA06F7E4286F7449B98F61081F2F89B200000000010C0000DA06F7E4286F7449B98F61081F2F89B20000FC7DE2D10000
2025-10-13 20:23:43,663 - INFO - 🔍 Обработка: Возврат поддонов из сетей | ID: 00000000D7928C4C1E3BFA4C916DC6D2C725CE360700DA06F7E4286F7449B98F61081F2F89B200000000010C0000DA06F7E4286F7449B98F61081F2F89B20000FC7DE2CF0000
2025-10-13 20:23:43,706 - INFO - ✅ Извлечено: {'Дата письма': '2025-10-10 10:17', 'Дата возврата из письма': datetime.date(2025, 10, 10), 'Сеть': 'Х5', 'РЦ': 'РЦ Тюмень', 'Тягач': 'ТЕСТ1234133', 'Прицеп': '20 тентовый', 'ФИО водителя': 'Иванов Иван Иванович', 'Паспорт': '45 12 345678', 'Номер ВУ': '1234567890', 'Телефон': '+7 999 123-45-67', 'ИНН': '7701234567', 'Доп. информация': '', 'EntryID': '00000000D7928C4C1E3BFA4C916DC6D2C725CE360700DA06F7E4286F7449B98F61081F2F89B200000000010C0000DA06F7E4286F7449B98F61081F2F89B20000FC7DE2CF0000'}
2025-10-13 20:23:43,707 - WARNING - Файл таблицы не найден: C:\Users\RUIurovskikhNi.NESTLESOFT\OneDrive - Nestle Russia & Eurasia\RU DO Warehouses - оборот поддонов\Екатеринбург - учет оборота поддонов.xlsx
2025-10-13 20:23:43,765 - INFO - ✅ Создан горизонтальный Excel: C:\Python\sklad\sklad\dist\возврат_поддонов.xlsx
2025-10-13 20:23:43,785 - INFO - 🔍 Обработка: RE: Контроль учета деревянных поддонов при поставках в Тандер GTE-TRANSPORT OOO | ID: 00000000D7928C4C1E3BFA4C916DC6D2C725CE360700DA06F7E4286F7449B98F61081F2F89B200000000010C0000DA06F7E4286F7449B98F61081F2F89B20000FC7DE2CE0000
2025-10-13 20:23:43,827 - INFO - 🔍 Обработка: Смена ответственного менеджера по контракту с Нестле Россия ООО от ООО "МОНОПОЛИЯ.Онлайн" (с 07.10.25) | ID: 00000000D7928C4C1E3BFA4C916DC6D2C725CE360700DA06F7E4286F7449B98F61081F2F89B200000000010C0000DA06F7E4286F7449B98F61081F2F89B20000FC7DE2CD0000
2025-10-13 20:23:43,865 - INFO - 🔍 Обработка: Возврат поддонов из сетей | ID: 00000000D7928C4C1E3BFA4C916DC6D2C725CE360700DA06F7E4286F7449B98F61081F2F89B200000000010C0000DA06F7E4286F7449B98F61081F2F89B20000FC7DE2CC0000
2025-10-13 20:23:43,918 - INFO - ✅ Извлечено: {'Дата письма': '2025-10-10 09:45', 'Дата возврата из письма': datetime.date(2025, 10, 10), 'Сеть': 'Х5', 'РЦ': 'РЦ Тюмень', 'Тягач': 'ТЕСТ1234133', 'Прицеп': '20 тентовый', 'ФИО водителя': 'Иванов Иван Иванович', 'Паспорт': '45 12 345678', 'Номер ВУ': '1234567890', 'Телефон': '+7 999 123-45-67', 'ИНН': '7701234567', 'Доп. информация': '', 'EntryID': '00000000D7928C4C1E3BFA4C916DC6D2C725CE360700DA06F7E4286F7449B98F61081F2F89B200000000010C0000DA06F7E4286F7449B98F61081F2F89B20000FC7DE2CC0000'}
2025-10-13 20:23:43,919 - WARNING - Файл таблицы не найден: C:\Users\RUIurovskikhNi.NESTLESOFT\OneDrive - Nestle Russia & Eurasia\RU DO Warehouses - оборот поддонов\Екатеринбург - учет оборота поддонов.xlsx
2025-10-13 20:23:43,965 - INFO - ✅ Записано горизонтально
2025-10-13 20:23:43,991 - INFO - 🔍 Обработка: ДР Никиты | ID: 00000000D7928C4C1E3BFA4C916DC6D2C725CE360700DA06F7E4286F7449B98F61081F2F89B200000000010C0000DA06F7E4286F7449B98F61081F2F89B20000FC7DE2CB0000
2025-10-13 20:23:44,063 - INFO - 🔍 Обработка: RE: DF _Сверка_поддонов_РЦ Мурманск_ИНН 7705739450_ООО "Нестле Россия" 10.09-24.09 | ID: 00000000D7928C4C1E3BFA4C916DC6D2C725CE360700DA06F7E4286F7449B98F61081F2F89B200000000010C0000DA06F7E4286F7449B98F61081F2F89B20000FC7DE2CA0000
2025-10-13 20:23:44,133 - INFO - 🔍 Обработка: RE: DF _Сверка_поддонов_РЦ Лермонтов_ИНН 7705739450_ООО "Нестле Россия" 10.09-24.09 | ID: 00000000D7928C4C1E3BFA4C916DC6D2C725CE360700DA06F7E4286F7449B98F61081F2F89B200000000010C0000DA06F7E4286F7449B98F61081F2F89B20000FC7DE2C90000
2025-10-13 20:23:44,188 - INFO - 🔍 Обработка: RE: DF _Сверка_поддонов_РЦ Подольск_ИНН 7705739450_ООО "Нестле Россия" 10.09-24.09 | ID: 00000000D7928C4C1E3BFA4C916DC6D2C725CE360700DA06F7E4286F7449B98F61081F2F89B200000000010C0000DA06F7E4286F7449B98F61081F2F89B20000FC7DE2C80000
2025-10-13 20:23:44,256 - INFO - 🔍 Обработка: RE: DF _Сверка_поддонов_РЦ Кропоткин_ИНН 7705739450_ООО "Нестле Россия" 18.09-24.09 | ID: 00000000D7928C4C1E3BFA4C916DC6D2C725CE360700DA06F7E4286F7449B98F61081F2F89B200000000010C0000DA06F7E4286F7449B98F61081F2F89B20000FC7DE2C70000
2025-10-13 20:23:44,320 - INFO - 🔍 Обработка: Возврат поддонов из сетей | ID: 00000000D7928C4C1E3BFA4C916DC6D2C725CE360700DA06F7E4286F7449B98F61081F2F89B200000000010C0000DA06F7E4286F7449B98F61081F2F89B20000FC7DE2C60000
2025-10-13 20:23:44,362 - INFO - ✅ Извлечено: {'Дата письма': '2025-10-10 09:09', 'Дата возврата из письма': datetime.date(2025, 10, 10), 'Сеть': 'Х5', 'РЦ': 'РЦ Тюмень', 'Тягач': 'ТЕСТ1234133', 'Прицеп': '20 тентовый', 'ФИО водителя': 'Иванов Иван Иванович', 'Паспорт': '45 12 345678', 'Номер ВУ': '1234567890', 'Телефон': '+7 999 123-45-67', 'ИНН': '7701234567', 'Доп. информация': '', 'EntryID': '00000000D7928C4C1E3BFA4C916DC6D2C725CE360700DA06F7E4286F7449B98F61081F2F89B200000000010C0000DA06F7E4286F7449B98F61081F2F89B20000FC7DE2C60000'}
2025-10-13 20:23:44,363 - WARNING - Файл таблицы не найден: C:\Users\RUIurovskikhNi.NESTLESOFT\OneDrive - Nestle Russia & Eurasia\RU DO Warehouses - оборот поддонов\Екатеринбург - учет оборота поддонов.xlsx
2025-10-13 20:23:44,429 - INFO - ✅ Записано горизонтально
2025-10-13 20:23:44,452 - INFO - 🔍 Обработка: RE: Контроль учета деревянных поддонов при поставках в Тандер GTE-TRANSPORT OOO | ID: 00000000D7928C4C1E3BFA4C916DC6D2C725CE360700DA06F7E4286F7449B98F61081F2F89B200000000010C0000DA06F7E4286F7449B98F61081F2F89B20000FC7DE2C50000
2025-10-13 20:23:44,505 - INFO - 🔍 Обработка: RE: Контроль учета деревянных поддонов при поставках в Тандер GTE-TRANSPORT OOO | ID: 00000000D7928C4C1E3BFA4C916DC6D2C725CE360700DA06F7E4286F7449B98F61081F2F89B200000000010C0000DA06F7E4286F7449B98F61081F2F89B20000FC7DE2C40000
2025-10-13 20:23:44,546 - INFO - 🔍 Обработка: RE: Новые мультидропы, клиент - Гиперглобус | ID: 00000000D7928C4C1E3BFA4C916DC6D2C725CE360700DA06F7E4286F7449B98F61081F2F89B200000000010C0000DA06F7E4286F7449B98F61081F2F89B20000FC55F7D60000
2025-10-13 20:23:44,580 - INFO - 🔍 Обработка: Приглашение на семинар от IBS и Pooling! | ID: 00000000D7928C4C1E3BFA4C916DC6D2C725CE360700DA06F7E4286F7449B98F61081F2F89B200000000010C0000DA06F7E4286F7449B98F61081F2F89B20000FC55F7D50000
2025-10-13 20:23:44,609 - INFO - 🔍 Обработка: Приглашение на семинар от IBS и Pooling! | ID: 00000000D7928C4C1E3BFA4C916DC6D2C725CE360700DA06F7E4286F7449B98F61081F2F89B200000000010C0000DA06F7E4286F7449B98F61081F2F89B20000FC55F7D40000
2025-10-13 20:23:44,646 - INFO - 🔍 Обработка: Возврат поддонов из сетей | ID: 00000000D7928C4C1E3BFA4C916DC6D2C725CE360700DA06F7E4286F7449B98F61081F2F89B200000000010C0000DA06F7E4286F7449B98F61081F2F89B20000FC55F7D30000
2025-10-13 20:23:44,736 - INFO - ✅ Извлечено: {'Дата письма': '2025-10-10 16:36', 'Дата возврата из письма': datetime.date(2025, 10, 10), 'Сеть': 'Х5', 'РЦ': 'РЦ Тюмень', 'Тягач': 'ТЕСТ1234133', 'Прицеп': '20 тентовый', 'ФИО водителя': 'Иванов Иван Иванович', 'Паспорт': '45 12 345678', 'Номер ВУ': '1234567890', 'Телефон': '+7 999 123-45-67', 'ИНН': '7701234567', 'Доп. информация': '', 'EntryID': '00000000D7928C4C1E3BFA4C916DC6D2C725CE360700DA06F7E4286F7449B98F61081F2F89B200000000010C0000DA06F7E4286F7449B98F61081F2F89B20000FC55F7D30000'}
2025-10-13 20:23:44,737 - WARNING - Файл таблицы не найден: C:\Users\RUIurovskikhNi.NESTLESOFT\OneDrive - Nestle Russia & Eurasia\RU DO Warehouses - оборот поддонов\Екатеринбург - учет оборота поддонов.xlsx
2025-10-13 20:23:44,813 - INFO - ✅ Записано горизонтально
2025-10-13 20:23:44,830 - INFO - 🔍 Обработка: Возврат поддонов из сетей | ID: 00000000D7928C4C1E3BFA4C916DC6D2C725CE360700DA06F7E4286F7449B98F61081F2F89B200000000010C0000DA06F7E4286F7449B98F61081F2F89B20000FC55F7D20000
2025-10-13 20:23:44,866 - INFO - ✅ Извлечено: {'Дата письма': '2025-10-11 16:34', 'Дата возврата из письма': datetime.date(2025, 10, 11), 'Сеть': 'Тандер', 'РЦ': 'Екатеринбург', 'Тягач': 'ТЕСТ1234133', 'Прицеп': '20 тентовый', 'ФИО водителя': 'Иванов Иван Иванович', 'Паспорт': '45 12 345678', 'Номер ВУ': '1234567890', 'Телефон': '+7 999 123-45-67', 'ИНН': '7701234567', 'Доп. информация': '', 'EntryID': '00000000D7928C4C1E3BFA4C916DC6D2C725CE360700DA06F7E4286F7449B98F61081F2F89B200000000010C0000DA06F7E4286F7449B98F61081F2F89B20000FC55F7D20000'}
2025-10-13 20:23:44,867 - WARNING - Файл таблицы не найден: C:\Users\RUIurovskikhNi.NESTLESOFT\OneDrive - Nestle Russia & Eurasia\RU DO Warehouses - оборот поддонов\Екатеринбург - учет оборота поддонов.xlsx
2025-10-13 20:23:44,906 - INFO - ✅ Записано горизонтально
2025-10-13 20:23:44,942 - INFO - 🔍 Обработка: Возврат поддонов из сетей | ID: 00000000D7928C4C1E3BFA4C916DC6D2C725CE360700DA06F7E4286F7449B98F61081F2F89B200000000010C0000DA06F7E4286F7449B98F61081F2F89B20000FC55F7D10000
2025-10-13 20:23:44,994 - INFO - ✅ Извлечено: {'Дата письма': '2025-10-11 16:30', 'Дата возврата из письма': datetime.date(2025, 10, 11), 'Сеть': 'Тандер', 'РЦ': 'Екатеринбург', 'Тягач': 'ТЕСТ1234133', 'Прицеп': '20 тентовый', 'ФИО водителя': 'Иванов Иван Иванович', 'Паспорт': '45 12 345678', 'Номер ВУ': '1234567890', 'Телефон': '+7 999 123-45-67', 'ИНН': '7701234567', 'Доп. информация': '', 'EntryID': '00000000D7928C4C1E3BFA4C916DC6D2C725CE360700DA06F7E4286F7449B98F61081F2F89B200000000010C0000DA06F7E4286F7449B98F61081F2F89B20000FC55F7D10000'}
2025-10-13 20:23:44,995 - WARNING - Файл таблицы не найден: C:\Users\RUIurovskikhNi.NESTLESOFT\OneDrive - Nestle Russia & Eurasia\RU DO Warehouses - оборот поддонов\Екатеринбург - учет оборота поддонов.xlsx
2025-10-13 20:23:45,061 - INFO - ✅ Записано горизонтально
2025-10-13 20:23:45,183 - INFO - 🔍 Обработка: Возврат поддонов из сетей | ID: 00000000D7928C4C1E3BFA4C916DC6D2C725CE360700DA06F7E4286F7449B98F61081F2F89B200000000010C0000DA06F7E4286F7449B98F61081F2F89B20000FC55F7D00000
2025-10-13 20:23:45,209 - INFO - ✅ Извлечено: {'Дата письма': '2025-10-11 16:22', 'Дата возврата из письма': datetime.date(2025, 10, 11), 'Сеть': 'Тандер', 'РЦ': 'Екатеринбург', 'Тягач': 'ТЕСТ1234133', 'Прицеп': '20 тентовый', 'ФИО водителя': 'Иванов Иван Иванович', 'Паспорт': '45 12 345678', 'Номер ВУ': '1234567890', 'Телефон': '+7 999 123-45-67', 'ИНН': '7701234567', 'Доп. информация': 'test', 'EntryID': '00000000D7928C4C1E3BFA4C916DC6D2C725CE360700DA06F7E4286F7449B98F61081F2F89B200000000010C0000DA06F7E4286F7449B98F61081F2F89B20000FC55F7D00000'}
2025-10-13 20:23:45,210 - WARNING - Файл таблицы не найден: C:\Users\RUIurovskikhNi.NESTLESOFT\OneDrive - Nestle Russia & Eurasia\RU DO Warehouses - оборот поддонов\Екатеринбург - учет оборота поддонов.xlsx
2025-10-13 20:23:45,257 - INFO - ✅ Записано горизонтально
2025-10-13 20:23:45,280 - INFO - 🔍 Обработка: RE: Контроль учета деревянных поддонов при поставках в Тандер GTE-TRANSPORT OOO | ID: 00000000D7928C4C1E3BFA4C916DC6D2C725CE360700DA06F7E4286F7449B98F61081F2F89B200000000010C0000DA06F7E4286F7449B98F61081F2F89B20000FC55F7CF0000
2025-10-13 20:23:45,308 - INFO - 🔍 Обработка: Возврат поддонов из сетей | ID: 00000000D7928C4C1E3BFA4C916DC6D2C725CE360700DA06F7E4286F7449B98F61081F2F89B200000000010C0000DA06F7E4286F7449B98F61081F2F89B20000FC55F7CE0000
2025-10-13 20:23:45,330 - INFO - ✅ Извлечено: {'Дата письма': '2025-10-11 16:08', 'Дата возврата из письма': datetime.date(2025, 10, 11), 'Сеть': 'Тандер', 'РЦ': 'Екатеринбург', 'Тягач': 'ТЕСТ1234133', 'Прицеп': '20 тентовый', 'ФИО водителя': 'Иванов Иван Иванович', 'Паспорт': '45 12 345678', 'Номер ВУ': '1234567890', 'Телефон': '+7 999 123-45-67', 'ИНН': '7701234567', 'Доп. информация': 'test', 'EntryID': '00000000D7928C4C1E3BFA4C916DC6D2C725CE360700DA06F7E4286F7449B98F61081F2F89B200000000010C0000DA06F7E4286F7449B98F61081F2F89B20000FC55F7CE0000'}
2025-10-13 20:23:45,331 - WARNING - Файл таблицы не найден: C:\Users\RUIurovskikhNi.NESTLESOFT\OneDrive - Nestle Russia & Eurasia\RU DO Warehouses - оборот поддонов\Екатеринбург - учет оборота поддонов.xlsx
2025-10-13 20:23:45,372 - INFO - ✅ Записано горизонтально
2025-10-13 20:23:45,490 - INFO - 🔍 Обработка: Неделя программы Purina «Мы – твои друзья» – экскурсия в Хаски-парк | ID: 00000000D7928C4C1E3BFA4C916DC6D2C725CE360700DA06F7E4286F7449B98F61081F2F89B200000000010C0000DA06F7E4286F7449B98F61081F2F89B20000FC55F7CD0000
2025-10-13 20:23:45,551 - INFO - 🔍 Обработка: Возврат поддонов из сетей | ID: 00000000D7928C4C1E3BFA4C916DC6D2C725CE360700DA06F7E4286F7449B98F61081F2F89B200000000010C0000DA06F7E4286F7449B98F61081F2F89B20000FC55F7CC0000
2025-10-13 20:23:45,633 - INFO - ✅ Извлечено: {'Дата письма': '2025-10-11 15:59', 'Дата возврата из письма': datetime.date(2025, 10, 11), 'Сеть': 'X5', 'РЦ': 'РЦ Тюмень', 'Тягач': 'ТЕСТ1234133', 'Прицеп': '20 тентовый', 'ФИО водителя': 'Иванов Иван Иванович', 'Паспорт': '45 12 345678', 'Номер ВУ': '1234567890', 'Телефон': '+7 999 123-45-67', 'ИНН': '7701234567', 'Доп. информация': 'test', 'EntryID': '00000000D7928C4C1E3BFA4C916DC6D2C725CE360700DA06F7E4286F7449B98F61081F2F89B200000000010C0000DA06F7E4286F7449B98F61081F2F89B20000FC55F7CC0000'}
2025-10-13 20:23:45,633 - WARNING - Файл таблицы не найден: C:\Users\RUIurovskikhNi.NESTLESOFT\OneDrive - Nestle Russia & Eurasia\RU DO Warehouses - оборот поддонов\Екатеринбург - учет оборота поддонов.xlsx
2025-10-13 20:23:45,713 - INFO - ✅ Записано горизонтально
